
> client@0.1.0 dev
> next dev -p 3000

▲ Next.js 16.2.6 (Turbopack)
- Local:         http://localhost:3000
- Network:       http://192.168.0.2:3000
✓ Ready in 572ms
⚠ Warning: Next.js inferred your workspace root, but it may not be correct.
 We detected multiple lockfiles and selected the directory of /app/package-lock.json as the root directory.
 To silence this warning, set `turbopack.root` in your Next.js config, or consider removing one of the lockfiles if it's not needed.
   See https://nextjs.org/docs/app/api-reference/config/next-config-js/turbopack#root-directory for more information.
 Detected additional lockfiles:
   * /app/client/package-lock.json

⚠ Turbopack's filesystem cache has been deleted because we previously detected an internal error in Turbopack. Builds or page loads may be slower as a result.

○ Compiling / ...
 GET / 200 in 6.3s (next.js: 5.6s, application-code: 721ms)
 GET / 200 in 213ms (next.js: 8ms, application-code: 205ms)
 GET /events 200 in 1538ms (next.js: 1169ms, application-code: 369ms)
 GET /menu 200 in 1911ms (next.js: 1389ms, application-code: 522ms)
 GET /admin/login 200 in 2.4s (next.js: 2.2s, application-code: 260ms)
 GET /privacy-policy 200 in 1009ms (next.js: 793ms, application-code: 216ms)
 GET / 200 in 1037ms (next.js: 164ms, application-code: 873ms)
 GET /events 200 in 168ms (next.js: 12ms, application-code: 156ms)
 GET /menu 200 in 252ms (next.js: 11ms, application-code: 241ms)
 GET /admin/login 200 in 84ms (next.js: 8ms, application-code: 76ms)
 GET /privacy-policy 200 in 89ms (next.js: 6ms, application-code: 83ms)
 GET / 200 in 117ms (next.js: 4ms, application-code: 114ms)
 GET /events 200 in 95ms (next.js: 4ms, application-code: 91ms)
 GET /menu 200 in 199ms (next.js: 4ms, application-code: 195ms)
 GET /admin/login 200 in 78ms (next.js: 4ms, application-code: 74ms)
 GET /privacy-policy 200 in 70ms (next.js: 3ms, application-code: 67ms)
✓ Compiled in 373ms
