
> client@0.1.0 dev
> next dev

 ⚠ Port 3000 is in use, trying 3001 instead.
   ▲ Next.js 15.1.0
   - Local:        http://localhost:3001
   - Network:      http://192.168.0.2:3001

 ✓ Starting...
 ✓ Ready in 2.1s
 ○ Compiling / ...
 ✓ Compiled / in 9.4s (1699 modules)
You're attempting to animate multiple children within AnimatePresence, but its mode is set to "wait". This will lead to odd visual behaviour.
 GET / 200 in 10698ms
You're attempting to animate multiple children within AnimatePresence, but its mode is set to "wait". This will lead to odd visual behaviour.
 GET / 200 in 101ms
 ○ Compiling /about ...
 ✓ Compiled /about in 1255ms (1690 modules)
 GET / 200 in 326ms
 GET /about 200 in 1648ms
 ✓ Compiled /menu in 493ms (1681 modules)
You're attempting to animate multiple children within AnimatePresence, but its mode is set to "wait". This will lead to odd visual behaviour.
 GET /menu 200 in 694ms
